0 info it worked if it ends with ok
1 verbose cli [ '/usr/local/bin/node',
1 verbose cli   '/usr/local/bin/npm',
1 verbose cli   'install',
1 verbose cli   '-g',
1 verbose cli   'karma-cli' ]
2 info using npm@2.15.5
3 info using node@v4.4.5
4 verbose install initial load of /usr/local/lib/package.json
5 verbose readDependencies loading dependencies from /usr/local/lib/package.json
6 silly cache add args [ 'karma-cli', null ]
7 verbose cache add spec karma-cli
8 silly cache add parsed spec Result {
8 silly cache add   raw: 'karma-cli',
8 silly cache add   scope: null,
8 silly cache add   name: 'karma-cli',
8 silly cache add   rawSpec: '',
8 silly cache add   spec: 'latest',
8 silly cache add   type: 'tag' }
9 silly addNamed karma-cli@latest
10 verbose addNamed "latest" is being treated as a dist-tag for karma-cli
11 info addNameTag [ 'karma-cli', 'latest' ]
12 silly mapToRegistry name karma-cli
13 silly mapToRegistry using default registry
14 silly mapToRegistry registry https://registry.npmjs.org/
15 silly mapToRegistry data Result {
15 silly mapToRegistry   raw: 'karma-cli',
15 silly mapToRegistry   scope: null,
15 silly mapToRegistry   name: 'karma-cli',
15 silly mapToRegistry   rawSpec: '',
15 silly mapToRegistry   spec: 'latest',
15 silly mapToRegistry   type: 'tag' }
16 silly mapToRegistry uri https://registry.npmjs.org/karma-cli
17 verbose addNameTag registry:https://registry.npmjs.org/karma-cli not in flight; fetching
18 verbose request uri https://registry.npmjs.org/karma-cli
19 verbose request no auth needed
20 info attempt registry request try #1 at 10:28:58 AM
21 verbose request id 04ff79678e9b6d46
22 http request GET https://registry.npmjs.org/karma-cli
23 http 200 https://registry.npmjs.org/karma-cli
24 verbose headers { server: 'CouchDB/1.5.0 (Erlang OTP/R16B03)',
24 verbose headers   etag: '"3AJJYQ320M8E11443F6K6SA16"',
24 verbose headers   'content-type': 'application/json',
24 verbose headers   'content-encoding': 'gzip',
24 verbose headers   'cache-control': 'max-age=300',
24 verbose headers   'content-length': '2634',
24 verbose headers   'accept-ranges': 'bytes',
24 verbose headers   date: 'Mon, 20 Jun 2016 15:28:58 GMT',
24 verbose headers   via: '1.1 varnish',
24 verbose headers   age: '208',
24 verbose headers   connection: 'keep-alive',
24 verbose headers   'x-served-by': 'cache-ord1724-ORD',
24 verbose headers   'x-cache': 'HIT',
24 verbose headers   'x-cache-hits': '1',
24 verbose headers   'x-timer': 'S1466436538.200238,VS0,VE0',
24 verbose headers   vary: 'Accept-Encoding' }
25 silly get cb [ 200,
25 silly get   { server: 'CouchDB/1.5.0 (Erlang OTP/R16B03)',
25 silly get     etag: '"3AJJYQ320M8E11443F6K6SA16"',
25 silly get     'content-type': 'application/json',
25 silly get     'content-encoding': 'gzip',
25 silly get     'cache-control': 'max-age=300',
25 silly get     'content-length': '2634',
25 silly get     'accept-ranges': 'bytes',
25 silly get     date: 'Mon, 20 Jun 2016 15:28:58 GMT',
25 silly get     via: '1.1 varnish',
25 silly get     age: '208',
25 silly get     connection: 'keep-alive',
25 silly get     'x-served-by': 'cache-ord1724-ORD',
25 silly get     'x-cache': 'HIT',
25 silly get     'x-cache-hits': '1',
25 silly get     'x-timer': 'S1466436538.200238,VS0,VE0',
25 silly get     vary: 'Accept-Encoding' } ]
26 verbose get saving karma-cli to /Users/MHayes/.npm/registry.npmjs.org/karma-cli/.cache.json
27 verbose correctMkdir /Users/MHayes/.npm correctMkdir not in flight; initializing
28 silly addNameTag next cb for karma-cli with tag latest
29 silly addNamed karma-cli@1.0.0
30 verbose addNamed "1.0.0" is a plain semver version for karma-cli
31 silly mapToRegistry name karma-cli
32 silly mapToRegistry using default registry
33 silly mapToRegistry registry https://registry.npmjs.org/
34 silly mapToRegistry data Result {
34 silly mapToRegistry   raw: 'karma-cli',
34 silly mapToRegistry   scope: null,
34 silly mapToRegistry   name: 'karma-cli',
34 silly mapToRegistry   rawSpec: '',
34 silly mapToRegistry   spec: 'latest',
34 silly mapToRegistry   type: 'tag' }
35 silly mapToRegistry uri https://registry.npmjs.org/karma-cli
36 verbose addRemoteTarball https://registry.npmjs.org/karma-cli/-/karma-cli-1.0.0.tgz not in flight; adding
37 verbose addRemoteTarball [ 'https://registry.npmjs.org/karma-cli/-/karma-cli-1.0.0.tgz',
37 verbose addRemoteTarball   '0fc51486fe62c0de3f3465c3a7fd428c2b14c950' ]
38 info retry fetch attempt 1 at 10:28:58 AM
39 info attempt registry request try #1 at 10:28:58 AM
40 http fetch GET https://registry.npmjs.org/karma-cli/-/karma-cli-1.0.0.tgz
41 http fetch 200 https://registry.npmjs.org/karma-cli/-/karma-cli-1.0.0.tgz
42 silly fetchAndShaCheck shasum 0fc51486fe62c0de3f3465c3a7fd428c2b14c950
43 verbose addTmpTarball /var/folders/7d/l13prm7s3r11812_yzxj80580000gq/T/npm-1330-ca159528/registry.npmjs.org/karma-cli/-/karma-cli-1.0.0.tgz not in flight; adding
44 verbose addTmpTarball already have metadata; skipping unpack for karma-cli@1.0.0
45 verbose correctMkdir /Users/MHayes/.npm correctMkdir not in flight; initializing
46 silly cache afterAdd karma-cli@1.0.0
47 verbose afterAdd /Users/MHayes/.npm/karma-cli/1.0.0/package/package.json not in flight; writing
48 verbose correctMkdir /Users/MHayes/.npm correctMkdir not in flight; initializing
49 verbose afterAdd /Users/MHayes/.npm/karma-cli/1.0.0/package/package.json written
50 silly install resolved [ { name: 'karma-cli',
50 silly install resolved     description: 'The Karma command line interface.',
50 silly install resolved     homepage: 'http://karma-runner.github.io/',
50 silly install resolved     repository:
50 silly install resolved      { type: 'git',
50 silly install resolved        url: 'git://github.com/karma-runner/karma-cli.git' },
50 silly install resolved     bugs: { url: 'https://github.com/karma-runner/karma-cli/issues' },
50 silly install resolved     keywords:
50 silly install resolved      [ 'karma',
50 silly install resolved        'spectacular',
50 silly install resolved        'runner',
50 silly install resolved        'karma',
50 silly install resolved        'js',
50 silly install resolved        'javascript',
50 silly install resolved        'testing',
50 silly install resolved        'test',
50 silly install resolved        'remote',
50 silly install resolved        'execution' ],
50 silly install resolved     author: { name: 'Vojta Jína', email: 'vojta.jina@gmail.com' },
50 silly install resolved     contributors:
50 silly install resolved      [ [Object],
50 silly install resolved        [Object],
50 silly install resolved        [Object],
50 silly install resolved        [Object],
50 silly install resolved        [Object],
50 silly install resolved        [Object],
50 silly install resolved        [Object],
50 silly install resolved        [Object] ],
50 silly install resolved     dependencies: { resolve: '^1.1.6' },
50 silly install resolved     devDependencies:
50 silly install resolved      { 'eslint-config-standard': '^4.4.0',
50 silly install resolved        'eslint-plugin-standard': '^1.3.1',
50 silly install resolved        grunt: '^0.4.1',
50 silly install resolved        'grunt-bump': '^0.3.1',
50 silly install resolved        'grunt-conventional-changelog': '^1.2.2',
50 silly install resolved        'grunt-eslint': '^17.0.0',
50 silly install resolved        'grunt-npm': '0.0.2',
50 silly install resolved        'load-grunt-tasks': '^3.2.0' },
50 silly install resolved     preferGlobal: true,
50 silly install resolved     bin: { karma: './bin/karma' },
50 silly install resolved     engines: { node: '0.10 || 0.12 || 4 || 5' },
50 silly install resolved     version: '1.0.0',
50 silly install resolved     license: 'MIT',
50 silly install resolved     gitHead: 'a4d6c9d0fdc986250f66272fe39e04d4ab99178e',
50 silly install resolved     _id: 'karma-cli@1.0.0',
50 silly install resolved     scripts: {},
50 silly install resolved     _shasum: '0fc51486fe62c0de3f3465c3a7fd428c2b14c950',
50 silly install resolved     _from: 'karma-cli@latest',
50 silly install resolved     _npmVersion: '2.14.12',
50 silly install resolved     _nodeVersion: '4.3.0',
50 silly install resolved     _npmUser: { name: 'zzo', email: 'mark@zzo.com' },
50 silly install resolved     dist:
50 silly install resolved      { shasum: '0fc51486fe62c0de3f3465c3a7fd428c2b14c950',
50 silly install resolved        tarball: 'https://registry.npmjs.org/karma-cli/-/karma-cli-1.0.0.tgz' },
50 silly install resolved     maintainers: [ [Object], [Object], [Object] ],
50 silly install resolved     _npmOperationalInternal:
50 silly install resolved      { host: 'packages-12-west.internal.npmjs.com',
50 silly install resolved        tmp: 'tmp/karma-cli-1.0.0.tgz_1462332942809_0.4794182530604303' },
50 silly install resolved     directories: {},
50 silly install resolved     _resolved: 'https://registry.npmjs.org/karma-cli/-/karma-cli-1.0.0.tgz' } ]
51 info install karma-cli@1.0.0 into /usr/local/lib
52 info installOne karma-cli@1.0.0
53 verbose installOne of karma-cli to /usr/local/lib not in flight; installing
54 verbose correctMkdir /Users/MHayes/.npm/_locks correctMkdir not in flight; initializing
55 verbose lock using /Users/MHayes/.npm/_locks/karma-cli-0e5318cdc71a1121.lock for /usr/local/lib/node_modules/karma-cli
56 silly install write writing karma-cli 1.0.0 to /usr/local/lib/node_modules/karma-cli
57 verbose unbuild lib/node_modules/karma-cli
58 silly gentlyRm /usr/local/lib/node_modules/karma-cli is being purged from base /usr/local
59 verbose gentlyRm don't care about contents; nuking /usr/local/lib/node_modules/karma-cli
60 verbose tar unpack /Users/MHayes/.npm/karma-cli/1.0.0/package.tgz
61 verbose tar unpacking to /usr/local/lib/node_modules/karma-cli
62 silly gentlyRm /usr/local/lib/node_modules/karma-cli is being purged
63 verbose gentlyRm don't care about contents; nuking /usr/local/lib/node_modules/karma-cli
64 silly gunzTarPerm modes [ '755', '644' ]
65 error tar.unpack untar error /Users/MHayes/.npm/karma-cli/1.0.0/package.tgz
66 verbose unlock done using /Users/MHayes/.npm/_locks/karma-cli-0e5318cdc71a1121.lock for /usr/local/lib/node_modules/karma-cli
67 verbose fstream_path /usr/local/lib/node_modules/karma-cli
68 verbose fstream_type Directory
69 verbose fstream_class DirWriter
70 verbose stack Error: EACCES: permission denied, mkdir '/usr/local/lib/node_modules/karma-cli'
70 verbose stack     at Error (native)
71 verbose fstream_stack /usr/local/lib/node_modules/npm/node_modules/fstream/lib/dir-writer.js:35:25
71 verbose fstream_stack /usr/local/lib/node_modules/npm/node_modules/mkdirp/index.js:47:53
71 verbose fstream_stack FSReqWrap.oncomplete (fs.js:82:15)
72 verbose cwd /Users/MHayes/git/CliffhangerUI
73 error Darwin 12.5.0
74 error argv "/usr/local/bin/node" "/usr/local/bin/npm" "install" "-g" "karma-cli"
75 error node v4.4.5
76 error npm  v2.15.5
77 error path /usr/local/lib/node_modules/karma-cli
78 error code EACCES
79 error errno -13
80 error syscall mkdir
81 error Error: EACCES: permission denied, mkdir '/usr/local/lib/node_modules/karma-cli'
81 error     at Error (native)
81 error  { [Error: EACCES: permission denied, mkdir '/usr/local/lib/node_modules/karma-cli']
81 error   errno: -13,
81 error   code: 'EACCES',
81 error   syscall: 'mkdir',
81 error   path: '/usr/local/lib/node_modules/karma-cli',
81 error   fstream_type: 'Directory',
81 error   fstream_path: '/usr/local/lib/node_modules/karma-cli',
81 error   fstream_class: 'DirWriter',
81 error   fstream_stack:
81 error    [ '/usr/local/lib/node_modules/npm/node_modules/fstream/lib/dir-writer.js:35:25',
81 error      '/usr/local/lib/node_modules/npm/node_modules/mkdirp/index.js:47:53',
81 error      'FSReqWrap.oncomplete (fs.js:82:15)' ] }
82 error Please try running this command again as root/Administrator.
83 verbose exit [ -13, true ]
84 verbose unbuild lib/node_modules/karma-cli
85 silly gentlyRm /usr/local/lib/node_modules/karma-cli is being purged from base /usr/local
86 verbose gentlyRm don't care about contents; nuking /usr/local/lib/node_modules/karma-cli
